<?xml version="1.0" encoding="UTF-8"?>
<!-- Generated by org.testng.reporters.JUnitReportReporter -->
<testsuite name="com.Object.Salesforce.ProspectosTest" tests="2" time="20.301" ignored="0" failures="0" timestamp="23 Jan 2020 15:26:17 GMT" skipped="0" hostname="CONSULTOR169" errors="0">
  <testcase name="Prospectos" time="4.784" classname="com.Object.Salesforce.ProspectosTest"/>
  <testcase name="Login" time="15.517" classname="com.Object.Salesforce.ProspectosTest"/>
</testsuite> <!-- com.Object.Salesforce.ProspectosTest -->
