<?xml version="1.0" encoding="UTF-8"?>
<!-- Generated by org.testng.reporters.JUnitReportReporter -->
<testsuite name="com.Object.Salesforce.LoginTest" tests="1" time="13.074" ignored="0" failures="0" timestamp="15 ene 2020 17:02:32 GMT" skipped="0" hostname="CONSULTOR169" errors="0">
  <testcase name="f" time="13.074" classname="com.Object.Salesforce.LoginTest"/>
</testsuite> <!-- com.Object.Salesforce.LoginTest -->
